TN:
SF:src\App.tsx
FN:20,HostRoutes
FN:29,App
FN:31,(anonymous_2)
FN:49,(anonymous_3)
FN:54,(anonymous_4)
FNF:5
FNH:3
FNDA:2,HostRoutes
FNDA:4,App
FNDA:3,(anonymous_2)
FNDA:0,(anonymous_3)
FNDA:0,(anonymous_4)
DA:21,2
DA:31,4
DA:32,3
DA:33,3
DA:35,1
DA:38,1
DA:44,2
DA:47,4
DA:49,4
DA:50,0
DA:51,0
DA:54,4
DA:55,0
DA:56,0
DA:63,4
LF:15
LH:11
BRDA:33,0,0,1
BRDA:33,0,1,2
BRDA:35,1,0,1
BRDA:35,1,1,0
BRDA:35,2,0,1
BRDA:35,2,1,0
BRDA:55,3,0,0
BRDA:55,3,1,0
BRDA:55,4,0,0
BRDA:55,4,1,0
BRDA:69,5,0,1
BRDA:69,5,1,2
BRF:12
BRH:6
end_of_record
TN:
SF:src\api\auth.ts
FN:56,(anonymous_0)
FN:63,(anonymous_1)
FN:70,(anonymous_2)
FN:82,(anonymous_3)
FN:94,(anonymous_4)
FN:115,(anonymous_5)
FN:122,(anonymous_6)
FN:132,(anonymous_7)
FNF:8
FNH:0
FNDA:0,(anonymous_0)
FNDA:0,(anonymous_1)
FNDA:0,(anonymous_2)
FNDA:0,(anonymous_3)
FNDA:0,(anonymous_4)
FNDA:0,(anonymous_5)
FNDA:0,(anonymous_6)
FNDA:0,(anonymous_7)
DA:52,2
DA:57,0
DA:64,0
DA:71,0
DA:78,2
DA:83,0
DA:84,0
DA:85,0
DA:86,0
DA:87,0
DA:95,0
DA:96,0
DA:97,0
DA:98,0
DA:100,0
DA:101,0
DA:104,0
DA:116,0
DA:123,0
DA:124,0
DA:125,0
DA:126,0
DA:133,0
LF:23
LH:2
BRDA:86,0,0,0
BRDA:86,0,1,0
BRDA:100,1,0,0
BRDA:100,1,1,0
BRDA:100,2,0,0
BRDA:100,2,1,0
BRDA:100,2,2,0
BRDA:108,3,0,0
BRDA:108,3,1,0
BRF:9
BRH:0
end_of_record
TN:
SF:src\api\client.ts
FN:4,_define_property
FN:23,(anonymous_1)
FN:14,(anonymous_2)
FN:33,(anonymous_3)
FN:56,(anonymous_4)
FN:70,request
FN:128,get
FN:138,post
FN:148,put
FN:158,del
FNF:10
FNH:3
FNDA:9,_define_property
FNDA:1,(anonymous_1)
FNDA:3,(anonymous_2)
FNDA:0,(anonymous_3)
FNDA:0,(anonymous_4)
FNDA:0,request
FNDA:0,get
FNDA:0,post
FNDA:0,put
FNDA:0,del
DA:19,3
DA:20,3
DA:24,1
DA:33,3
DA:34,0
DA:36,0
DA:39,0
DA:40,0
DA:41,0
DA:42,0
DA:43,0
DA:44,0
DA:48,0
DA:56,3
DA:57,0
DA:58,0
DA:59,0
DA:61,0
DA:62,0
DA:76,0
DA:77,0
DA:80,0
DA:81,0
DA:82,0
DA:85,0
DA:91,0
DA:93,0
DA:94,0
DA:100,0
DA:103,0
DA:104,0
DA:105,0
DA:108,0
DA:109,0
DA:111,0
DA:112,0
DA:114,0
DA:115,0
DA:116,0
DA:118,0
DA:119,0
DA:132,0
DA:142,0
DA:152,0
DA:161,0
LF:45
LH:5
BRDA:36,0,0,0
BRDA:36,0,1,0
BRDA:39,1,0,0
BRDA:39,1,1,0
BRDA:39,2,0,0
BRDA:39,2,1,0
BRDA:41,3,0,0
BRDA:41,3,1,0
BRDA:43,4,0,0
BRDA:43,4,1,0
BRDA:43,5,0,0
BRDA:43,5,1,0
BRDA:58,6,0,0
BRDA:58,6,1,0
BRDA:61,7,0,0
BRDA:61,7,1,0
BRDA:62,8,0,0
BRDA:62,8,1,0
BRDA:80,9,0,0
BRDA:80,9,1,0
BRDA:97,10,0,0
BRDA:97,10,1,0
BRDA:103,11,0,0
BRDA:103,11,1,0
BRDA:103,12,0,0
BRDA:103,12,1,0
BRDA:111,13,0,0
BRDA:111,13,1,0
BRDA:114,14,0,0
BRDA:114,14,1,0
BRF:30
BRH:0
end_of_record
TN:
SF:src\api\index.ts
FNF:0
FNH:0
LF:0
LH:0
BRF:0
BRH:0
end_of_record
TN:
SF:src\api\room.ts
FN:59,(anonymous_0)
FN:66,(anonymous_1)
FN:73,(anonymous_2)
FN:84,(anonymous_3)
FN:91,(anonymous_4)
FN:98,(anonymous_5)
FN:105,(anonymous_6)
FNF:7
FNH:0
FNDA:0,(anonymous_0)
FNDA:0,(anonymous_1)
FNDA:0,(anonymous_2)
FNDA:0,(anonymous_3)
FNDA:0,(anonymous_4)
FNDA:0,(anonymous_5)
FNDA:0,(anonymous_6)
DA:55,2
DA:60,0
DA:67,0
DA:74,0
DA:75,0
DA:76,0
DA:77,0
DA:78,0
DA:85,0
DA:92,0
DA:99,0
DA:106,0
LF:12
LH:1
BRDA:75,0,0,0
BRDA:75,0,1,0
BRDA:76,1,0,0
BRDA:76,1,1,0
BRDA:77,2,0,0
BRDA:77,2,1,0
BRDA:78,3,0,0
BRDA:78,3,1,0
BRF:8
BRH:0
end_of_record
TN:
SF:src\api\translate.ts
FN:63,(anonymous_0)
FNF:1
FNH:0
FNDA:0,(anonymous_0)
DA:59,2
DA:64,0
LF:2
LH:1
BRF:0
BRH:0
end_of_record
TN:
SF:src\api\types.ts
FN:26,(anonymous_0)
FN:87,getErrorMessage
FN:94,isSuccess
FNF:3
FNH:3
FNDA:3,(anonymous_0)
FNDA:6,getErrorMessage
FNDA:4,isSuccess
DA:26,3
DA:61,3
DA:88,6
DA:95,4
LF:4
LH:4
BRDA:88,0,0,6
BRDA:88,0,1,2
BRDA:88,0,2,1
BRF:3
BRH:3
end_of_record
TN:
SF:src\components\AiTryTranslate.tsx
FN:4,AiTryTranslate
FN:13,(anonymous_1)
FN:51,(anonymous_2)
FN:60,(anonymous_3)
FN:70,(anonymous_4)
FN:73,(anonymous_5)
FNF:6
FNH:0
FNDA:0,AiTryTranslate
FNDA:0,(anonymous_1)
FNDA:0,(anonymous_2)
FNDA:0,(anonymous_3)
FNDA:0,(anonymous_4)
FNDA:0,(anonymous_5)
DA:5,0
DA:6,0
DA:7,0
DA:8,0
DA:9,0
DA:10,0
DA:11,0
DA:13,0
DA:14,0
DA:15,0
DA:16,0
DA:17,0
DA:19,0
DA:20,0
DA:21,0
DA:22,0
DA:23,0
DA:24,0
DA:25,0
DA:26,0
DA:30,0
DA:32,0
DA:36,0
DA:51,0
DA:60,0
DA:70,0
DA:73,0
LF:27
LH:0
BRDA:15,0,0,0
BRDA:15,0,1,0
BRDA:27,1,0,0
BRDA:27,1,1,0
BRDA:27,2,0,0
BRDA:27,2,1,0
BRDA:30,3,0,0
BRDA:30,3,1,0
BRDA:74,4,0,0
BRDA:74,4,1,0
BRDA:77,5,0,0
BRDA:77,5,1,0
BRDA:82,6,0,0
BRDA:82,6,1,0
BRDA:86,7,0,0
BRDA:86,7,1,0
BRF:16
BRH:0
end_of_record
TN:
SF:src\components\MeetingMaterialsSection.tsx
FN:14,formatBytes
FN:20,ImageThumb
FN:22,(anonymous_2)
FN:25,(anonymous_3)
FN:34,MeetingMaterialsSection
FN:39,(anonymous_5)
FN:43,(anonymous_6)
FN:47,(anonymous_7)
FN:48,(anonymous_8)
FN:49,(anonymous_9)
FN:57,(anonymous_10)
FN:72,(anonymous_11)
FN:85,(anonymous_12)
FN:89,(anonymous_13)
FN:89,(anonymous_14)
FN:95,(anonymous_15)
FN:101,(anonymous_16)
FN:104,(anonymous_17)
FN:106,(anonymous_18)
FN:131,(anonymous_19)
FN:140,(anonymous_20)
FN:147,(anonymous_21)
FN:148,(anonymous_22)
FN:164,(anonymous_23)
FN:177,(anonymous_24)
FN:186,(anonymous_25)
FN:193,(anonymous_26)
FN:194,(anonymous_27)
FN:207,(anonymous_28)
FNF:29
FNH:0
FNDA:0,formatBytes
FNDA:0,ImageThumb
FNDA:0,(anonymous_2)
FNDA:0,(anonymous_3)
FNDA:0,MeetingMaterialsSection
FNDA:0,(anonymous_5)
FNDA:0,(anonymous_6)
FNDA:0,(anonymous_7)
FNDA:0,(anonymous_8)
FNDA:0,(anonymous_9)
FNDA:0,(anonymous_10)
FNDA:0,(anonymous_11)
FNDA:0,(anonymous_12)
FNDA:0,(anonymous_13)
FNDA:0,(anonymous_14)
FNDA:0,(anonymous_15)
FNDA:0,(anonymous_16)
FNDA:0,(anonymous_17)
FNDA:0,(anonymous_18)
FNDA:0,(anonymous_19)
FNDA:0,(anonymous_20)
FNDA:0,(anonymous_21)
FNDA:0,(anonymous_22)
FNDA:0,(anonymous_23)
FNDA:0,(anonymous_24)
FNDA:0,(anonymous_25)
FNDA:0,(anonymous_26)
FNDA:0,(anonymous_27)
FNDA:0,(anonymous_28)
DA:15,0
DA:16,0
DA:17,0
DA:21,0
DA:22,0
DA:23,0
DA:24,0
DA:25,0
DA:26,0
DA:30,0
DA:31,0
DA:35,0
DA:36,0
DA:37,0
DA:39,0
DA:40,0
DA:43,0
DA:44,0
DA:47,0
DA:48,0
DA:49,0
DA:50,0
DA:51,0
DA:52,0
DA:53,0
DA:57,0
DA:58,0
DA:59,0
DA:60,0
DA:61,0
DA:62,0
DA:63,0
DA:66,0
DA:68,0
DA:72,0
DA:73,0
DA:74,0
DA:75,0
DA:76,0
DA:77,0
DA:78,0
DA:81,0
DA:85,0
DA:86,0
DA:87,0
DA:88,0
DA:89,0
DA:91,0
DA:95,0
DA:96,0
DA:97,0
DA:98,0
DA:101,0
DA:102,0
DA:103,0
DA:104,0
DA:105,0
DA:106,0
DA:107,0
DA:110,0
DA:131,0
DA:140,0
DA:147,0
DA:148,0
DA:164,0
DA:177,0
DA:186,0
DA:193,0
DA:194,0
DA:207,0
LF:70
LH:0
BRDA:15,0,0,0
BRDA:15,0,1,0
BRDA:16,1,0,0
BRDA:16,1,1,0
BRDA:30,2,0,0
BRDA:30,2,1,0
BRDA:50,3,0,0
BRDA:50,3,1,0
BRDA:58,4,0,0
BRDA:58,4,1,0
BRDA:58,5,0,0
BRDA:58,5,1,0
BRDA:66,6,0,0
BRDA:66,6,1,0
BRDA:73,7,0,0
BRDA:73,7,1,0
BRDA:73,8,0,0
BRDA:73,8,1,0
BRDA:81,9,0,0
BRDA:81,9,1,0
BRDA:91,10,0,0
BRDA:91,10,1,0
BRDA:97,11,0,0
BRDA:97,11,1,0
BRDA:103,12,0,0
BRDA:103,12,1,0
BRDA:120,13,0,0
BRDA:120,13,1,0
BRDA:130,14,0,0
BRDA:130,14,1,0
BRDA:138,15,0,0
BRDA:138,15,1,0
BRDA:142,16,0,0
BRDA:142,16,1,0
BRDA:155,17,0,0
BRDA:155,17,1,0
BRDA:156,18,0,0
BRDA:156,18,1,0
BRDA:157,19,0,0
BRDA:157,19,1,0
BRDA:159,20,0,0
BRDA:159,20,1,0
BRDA:176,21,0,0
BRDA:176,21,1,0
BRF:44
BRH:0
end_of_record
TN:
SF:src\components\StreamingAsrPanel.tsx
FN:44,SegmentPlayingText
FN:49,IconLatencyHeadset
FN:183,StreamingAsrPanel
FN:236,(anonymous_3)
FN:251,(anonymous_4)
FN:268,(anonymous_5)
FN:277,(anonymous_6)
FN:281,(anonymous_7)
FN:284,(anonymous_8)
FN:291,(anonymous_9)
FN:291,(anonymous_10)
FN:294,(anonymous_11)
FN:300,(anonymous_12)
FN:336,(anonymous_13)
FN:337,(anonymous_14)
FN:343,(anonymous_15)
FN:344,(anonymous_16)
FN:353,(anonymous_17)
FN:375,(anonymous_18)
FN:384,(anonymous_19)
FN:386,(anonymous_20)
FN:387,(anonymous_21)
FN:398,(anonymous_22)
FN:399,(anonymous_23)
FN:411,(anonymous_24)
FN:420,(anonymous_25)
FN:421,(anonymous_26)
FN:428,(anonymous_27)
FN:433,(anonymous_28)
FN:438,(anonymous_29)
FN:443,(anonymous_30)
FN:450,(anonymous_31)
FN:454,(anonymous_32)
FN:480,(anonymous_33)
FN:486,(anonymous_34)
FN:494,(anonymous_35)
FN:503,(anonymous_36)
FN:510,(anonymous_37)
FN:524,(anonymous_38)
FN:526,(anonymous_39)
FN:527,(anonymous_40)
FN:528,(anonymous_41)
FN:529,(anonymous_42)
FN:542,(anonymous_43)
FN:543,(anonymous_44)
FN:544,(anonymous_45)
FN:550,(anonymous_46)
FN:557,(anonymous_47)
FN:564,(anonymous_48)
FN:584,(anonymous_49)
FN:585,(anonymous_50)
FN:588,(anonymous_51)
FN:589,(anonymous_52)
FN:602,(anonymous_53)
FN:679,(anonymous_54)
FN:687,(anonymous_55)
FN:691,(anonymous_56)
FN:693,(anonymous_57)
FN:695,(anonymous_58)
FN:721,(anonymous_59)
FN:723,(anonymous_60)
FN:734,(anonymous_61)
FN:737,(anonymous_62)
FN:737,(anonymous_63)
FN:760,(anonymous_64)
FN:803,(anonymous_65)
FN:804,(anonymous_66)
FN:806,(anonymous_67)
FN:807,(anonymous_68)
FN:815,(anonymous_69)
FN:849,(anonymous_70)
FN:888,(anonymous_71)
FN:889,(anonymous_72)
FN:893,(anonymous_73)
FN:914,(anonymous_74)
FNF:75
FNH:9
FNDA:0,SegmentPlayingText
FNDA:0,IconLatencyHeadset
FNDA:1,StreamingAsrPanel
FNDA:0,(anonymous_3)
FNDA:0,(anonymous_4)
FNDA:0,(anonymous_5)
FNDA:1,(anonymous_6)
FNDA:0,(anonymous_7)
FNDA:0,(anonymous_8)
FNDA:1,(anonymous_9)
FNDA:1,(anonymous_10)
FNDA:0,(anonymous_11)
FNDA:0,(anonymous_12)
FNDA:0,(anonymous_13)
FNDA:0,(anonymous_14)
FNDA:0,(anonymous_15)
FNDA:0,(anonymous_16)
FNDA:0,(anonymous_17)
FNDA:0,(anonymous_18)
FNDA:0,(anonymous_19)
FNDA:0,(anonymous_20)
FNDA:0,(anonymous_21)
FNDA:0,(anonymous_22)
FNDA:0,(anonymous_23)
FNDA:1,(anonymous_24)
FNDA:0,(anonymous_25)
FNDA:0,(anonymous_26)
FNDA:1,(anonymous_27)
FNDA:1,(anonymous_28)
FNDA:1,(anonymous_29)
FNDA:0,(anonymous_30)
FNDA:0,(anonymous_31)
FNDA:0,(anonymous_32)
FNDA:0,(anonymous_33)
FNDA:0,(anonymous_34)
FNDA:0,(anonymous_35)
FNDA:0,(anonymous_36)
FNDA:0,(anonymous_37)
FNDA:0,(anonymous_38)
FNDA:0,(anonymous_39)
FNDA:0,(anonymous_40)
FNDA:0,(anonymous_41)
FNDA:0,(anonymous_42)
FNDA:0,(anonymous_43)
FNDA:0,(anonymous_44)
FNDA:0,(anonymous_45)
FNDA:0,(anonymous_46)
FNDA:0,(anonymous_47)
FNDA:0,(anonymous_48)
FNDA:0,(anonymous_49)
FNDA:0,(anonymous_50)
FNDA:0,(anonymous_51)
FNDA:0,(anonymous_52)
FNDA:0,(anonymous_53)
FNDA:0,(anonymous_54)
FNDA:0,(anonymous_55)
FNDA:0,(anonymous_56)
FNDA:0,(anonymous_57)
FNDA:0,(anonymous_58)
FNDA:0,(anonymous_59)
FNDA:0,(anonymous_60)
FNDA:0,(anonymous_61)
FNDA:0,(anonymous_62)
FNDA:0,(anonymous_63)
FNDA:0,(anonymous_64)
FNDA:0,(anonymous_65)
FNDA:0,(anonymous_66)
FNDA:0,(anonymous_67)
FNDA:0,(anonymous_68)
FNDA:0,(anonymous_69)
FNDA:0,(anonymous_70)
FNDA:0,(anonymous_71)
FNDA:3,(anonymous_72)
FNDA:0,(anonymous_73)
FNDA:0,(anonymous_74)
DA:45,0
DA:46,0
DA:50,0
DA:69,1
DA:184,1
DA:185,1
DA:186,1
DA:188,1
DA:189,1
DA:195,1
DA:200,1
DA:202,1
DA:203,1
DA:204,1
DA:207,1
DA:209,1
DA:211,1
DA:214,1
DA:216,1
DA:217,1
DA:218,1
DA:219,1
DA:221,1
DA:223,1
DA:225,1
DA:227,1
DA:229,1
DA:231,1
DA:233,1
DA:236,1
DA:237,0
DA:238,0
DA:239,0
DA:240,0
DA:241,0
DA:242,0
DA:247,0
DA:251,1
DA:252,0
DA:253,0
DA:258,0
DA:259,0
DA:260,0
DA:268,1
DA:269,0
DA:270,0
DA:271,0
DA:272,0
DA:277,1
DA:278,1
DA:279,1
DA:280,1
DA:281,1
DA:282,1
DA:283,1
DA:284,1
DA:285,1
DA:286,1
DA:287,1
DA:288,1
DA:291,1
DA:294,1
DA:295,0
DA:296,0
DA:297,0
DA:299,0
DA:300,0
DA:301,0
DA:303,0
DA:304,0
DA:305,0
DA:306,0
DA:307,0
DA:309,0
DA:310,0
DA:311,0
DA:312,0
DA:313,0
DA:314,0
DA:315,0
DA:316,0
DA:319,0
DA:320,0
DA:321,0
DA:322,0
DA:323,0
DA:324,0
DA:326,0
DA:327,0
DA:328,0
DA:329,0
DA:331,0
DA:332,0
DA:333,0
DA:336,0
DA:337,0
DA:338,0
DA:340,0
DA:342,0
DA:343,0
DA:344,0
DA:345,0
DA:346,0
DA:347,0
DA:350,0
DA:353,0
DA:354,0
DA:360,0
DA:363,0
DA:364,0
DA:365,0
DA:366,0
DA:367,0
DA:368,0
DA:370,0
DA:371,0
DA:375,0
DA:376,0
DA:377,0
DA:378,0
DA:379,0
DA:380,0
DA:384,0
DA:385,0
DA:386,0
DA:387,0
DA:388,0
DA:389,0
DA:390,0
DA:391,0
DA:392,0
DA:393,0
DA:395,0
DA:398,0
DA:399,0
DA:400,0
DA:401,0
DA:402,0
DA:403,0
DA:404,0
DA:405,0
DA:410,1
DA:412,1
DA:413,0
DA:414,0
DA:415,0
DA:416,0
DA:417,0
DA:418,0
DA:420,0
DA:421,0
DA:422,0
DA:425,0
DA:428,1
DA:429,1
DA:430,1
DA:433,1
DA:434,1
DA:437,1
DA:439,1
DA:440,1
DA:441,1
DA:443,0
DA:444,0
DA:445,0
DA:446,0
DA:447,0
DA:448,0
DA:450,0
DA:454,1
DA:455,0
DA:456,0
DA:457,0
DA:471,0
DA:472,0
DA:480,0
DA:482,0
DA:483,0
DA:485,0
DA:486,0
DA:487,0
DA:490,0
DA:493,0
DA:494,0
DA:495,0
DA:498,0
DA:501,0
DA:502,0
DA:503,0
DA:504,0
DA:507,0
DA:509,0
DA:510,0
DA:512,0
DA:513,0
DA:516,0
DA:519,0
DA:520,0
DA:521,0
DA:523,0
DA:524,0
DA:525,0
DA:526,0
DA:527,0
DA:528,0
DA:529,0
DA:530,0
DA:531,0
DA:532,0
DA:533,0
DA:534,0
DA:536,0
DA:537,0
DA:538,0
DA:539,0
DA:542,0
DA:543,0
DA:544,0
DA:545,0
DA:546,0
DA:547,0
DA:548,0
DA:549,0
DA:550,0
DA:552,0
DA:555,0
DA:557,0
DA:559,0
DA:561,0
DA:562,0
DA:563,0
DA:564,0
DA:565,0
DA:566,0
DA:567,0
DA:568,0
DA:569,0
DA:570,0
DA:571,0
DA:572,0
DA:573,0
DA:574,0
DA:575,0
DA:578,0
DA:581,0
DA:584,0
DA:585,0
DA:587,0
DA:588,0
DA:589,0
DA:590,0
DA:591,0
DA:596,0
DA:597,0
DA:598,0
DA:602,0
DA:603,0
DA:604,0
DA:605,0
DA:606,0
DA:609,0
DA:610,0
DA:611,0
DA:612,0
DA:616,0
DA:617,0
DA:618,0
DA:619,0
DA:620,0
DA:621,0
DA:622,0
DA:623,0
DA:624,0
DA:625,0
DA:626,0
DA:629,0
DA:631,0
DA:634,0
DA:635,0
DA:636,0
DA:637,0
DA:638,0
DA:640,0
DA:642,0
DA:643,0
DA:644,0
DA:647,0
DA:648,0
DA:649,0
DA:650,0
DA:651,0
DA:652,0
DA:654,0
DA:655,0
DA:656,0
DA:657,0
DA:659,0
DA:667,0
DA:668,0
DA:669,0
DA:671,0
DA:672,0
DA:673,0
DA:674,0
DA:675,0
DA:676,0
DA:679,1
DA:680,0
DA:681,0
DA:687,1
DA:691,0
DA:693,0
DA:694,0
DA:695,0
DA:698,0
DA:699,0
DA:700,0
DA:702,0
DA:703,0
DA:705,0
DA:708,1
DA:722,0
DA:723,0
DA:734,0
DA:737,0
DA:738,0
DA:740,0
DA:745,0
DA:746,0
DA:747,0
DA:761,0
DA:764,0
DA:765,0
DA:804,0
DA:805,0
DA:806,0
DA:807,0
DA:808,0
DA:816,0
DA:817,0
DA:850,0
DA:852,0
DA:857,0
DA:858,0
DA:888,0
DA:889,3
DA:893,0
DA:915,0
DA:916,0
DA:917,0
DA:918,0
LF:351
LH:59
BRDA:45,0,0,0
BRDA:45,0,1,0
BRDA:46,1,0,0
BRDA:46,1,1,0
BRDA:183,2,0,1
BRDA:183,3,0,1
BRDA:183,4,0,1
BRDA:240,5,0,0
BRDA:240,5,1,0
BRDA:258,6,0,0
BRDA:258,6,1,0
BRDA:271,7,0,0
BRDA:271,7,1,0
BRDA:279,8,0,0
BRDA:279,8,1,1
BRDA:279,9,0,1
BRDA:279,9,1,0
BRDA:279,9,2,0
BRDA:295,10,0,0
BRDA:295,10,1,0
BRDA:299,11,0,0
BRDA:299,11,1,0
BRDA:300,12,0,0
BRDA:300,12,1,0
BRDA:301,13,0,0
BRDA:301,13,1,0
BRDA:303,14,0,0
BRDA:303,14,1,0
BRDA:305,15,0,0
BRDA:305,15,1,0
BRDA:307,16,0,0
BRDA:307,16,1,0
BRDA:309,17,0,0
BRDA:309,17,1,0
BRDA:310,18,0,0
BRDA:310,18,1,0
BRDA:312,19,0,0
BRDA:312,19,1,0
BRDA:319,20,0,0
BRDA:319,20,1,0
BRDA:320,21,0,0
BRDA:320,21,1,0
BRDA:322,22,0,0
BRDA:322,22,1,0
BRDA:326,23,0,0
BRDA:326,23,1,0
BRDA:327,24,0,0
BRDA:327,24,1,0
BRDA:332,25,0,0
BRDA:332,25,1,0
BRDA:340,26,0,0
BRDA:340,26,1,0
BRDA:343,27,0,0
BRDA:343,27,1,0
BRDA:363,28,0,0
BRDA:363,28,1,0
BRDA:364,29,0,0
BRDA:364,29,1,0
BRDA:366,30,0,0
BRDA:366,30,1,0
BRDA:370,31,0,0
BRDA:370,31,1,0
BRDA:372,32,0,0
BRDA:372,32,1,0
BRDA:377,33,0,0
BRDA:377,33,1,0
BRDA:387,34,0,0
BRDA:387,34,1,0
BRDA:390,35,0,0
BRDA:390,35,1,0
BRDA:395,36,0,0
BRDA:395,36,1,0
BRDA:400,37,0,0
BRDA:400,37,1,0
BRDA:412,38,0,1
BRDA:412,38,1,0
BRDA:414,39,0,0
BRDA:414,39,1,0
BRDA:416,40,0,0
BRDA:416,40,1,0
BRDA:418,41,0,0
BRDA:418,41,1,0
BRDA:422,42,0,0
BRDA:422,42,1,0
BRDA:425,43,0,0
BRDA:425,43,1,0
BRDA:430,44,0,1
BRDA:430,44,1,0
BRDA:434,45,0,0
BRDA:434,45,1,1
BRDA:434,46,0,1
BRDA:434,46,1,1
BRDA:439,47,0,1
BRDA:439,47,1,0
BRDA:447,48,0,0
BRDA:447,48,1,0
BRDA:447,49,0,0
BRDA:447,49,1,0
BRDA:448,50,0,0
BRDA:448,50,1,0
BRDA:448,51,0,0
BRDA:448,51,1,0
BRDA:485,52,0,0
BRDA:485,52,1,0
BRDA:493,53,0,0
BRDA:493,53,1,0
BRDA:502,54,0,0
BRDA:502,54,1,0
BRDA:510,55,0,0
BRDA:510,55,1,0
BRDA:526,56,0,0
BRDA:526,56,1,0
BRDA:528,57,0,0
BRDA:528,57,1,0
BRDA:530,58,0,0
BRDA:530,58,1,0
BRDA:531,59,0,0
BRDA:531,59,1,0
BRDA:536,60,0,0
BRDA:536,60,1,0
BRDA:536,61,0,0
BRDA:536,61,1,0
BRDA:545,62,0,0
BRDA:545,62,1,0
BRDA:548,63,0,0
BRDA:548,63,1,0
BRDA:549,64,0,0
BRDA:549,64,1,0
BRDA:549,65,0,0
BRDA:549,65,1,0
BRDA:549,66,0,0
BRDA:549,66,1,0
BRDA:550,67,0,0
BRDA:550,67,1,0
BRDA:550,68,0,0
BRDA:550,68,1,0
BRDA:550,69,0,0
BRDA:550,69,1,0
BRDA:557,70,0,0
BRDA:557,70,1,0
BRDA:566,71,0,0
BRDA:566,71,1,0
BRDA:566,72,0,0
BRDA:566,72,1,0
BRDA:567,73,0,0
BRDA:567,73,1,0
BRDA:568,74,0,0
BRDA:568,74,1,0
BRDA:571,75,0,0
BRDA:571,75,1,0
BRDA:572,76,0,0
BRDA:572,76,1,0
BRDA:574,77,0,0
BRDA:574,77,1,0
BRDA:604,78,0,0
BRDA:604,78,1,0
BRDA:604,79,0,0
BRDA:604,79,1,0
BRDA:612,80,0,0
BRDA:612,80,1,0
BRDA:617,81,0,0
BRDA:617,81,1,0
BRDA:638,82,0,0
BRDA:638,82,1,0
BRDA:694,83,0,0
BRDA:694,83,1,0
BRDA:700,84,0,0
BRDA:700,84,1,0
BRDA:702,85,0,0
BRDA:702,85,1,0
BRDA:713,86,0,0
BRDA:713,86,1,1
BRDA:715,87,0,0
BRDA:715,87,1,0
BRDA:722,88,0,0
BRDA:722,88,1,0
BRDA:727,89,0,0
BRDA:727,89,1,1
BRDA:731,90,0,1
BRDA:731,90,1,0
BRDA:733,91,0,0
BRDA:733,91,1,0
BRDA:740,92,0,0
BRDA:740,92,1,0
BRDA:742,93,0,0
BRDA:742,93,1,0
BRDA:745,94,0,0
BRDA:745,94,1,0
BRDA:746,95,0,0
BRDA:746,95,1,0
BRDA:761,96,0,0
BRDA:761,96,1,0
BRDA:764,97,0,0
BRDA:764,97,1,0
BRDA:778,98,0,1
BRDA:778,98,1,0
BRDA:782,99,0,1
BRDA:782,99,1,1
BRDA:782,99,2,1
BRDA:787,100,0,1
BRDA:787,100,1,1
BRDA:787,100,2,0
BRDA:787,100,3,0
BRDA:790,101,0,0
BRDA:790,101,1,0
BRDA:805,102,0,0
BRDA:805,102,1,0
BRDA:813,103,0,0
BRDA:813,103,1,0
BRDA:823,104,0,0
BRDA:823,104,1,0
BRDA:835,105,0,0
BRDA:835,105,1,1
BRDA:835,106,0,1
BRDA:835,106,1,0
BRDA:852,107,0,0
BRDA:852,107,1,0
BRDA:854,108,0,0
BRDA:854,108,1,0
BRDA:867,109,0,0
BRDA:867,109,1,0
BRDA:892,110,0,1
BRDA:892,110,1,0
BRDA:898,111,0,1
BRDA:898,111,1,0
BRDA:916,112,0,0
BRDA:916,112,1,0
BRDA:917,113,0,0
BRDA:917,113,1,0
BRDA:925,114,0,0
BRDA:925,114,1,0
BRDA:926,115,0,0
BRDA:926,115,1,0
BRDA:927,116,0,0
BRDA:927,116,1,0
BRF:235
BRH:24
end_of_record
TN:
SF:src\lib\aiAssistantStore.ts
FN:16,migrateLegacy
FN:22,(anonymous_1)
FN:31,loadAiAssistant
FN:61,saveAiAssistant
FN:78,parseKeywordEntries
FN:81,(anonymous_5)
FN:83,(anonymous_6)
FN:96,buildPromptInjectionPayload
FN:108,(anonymous_8)
FNF:9
FNH:6
FNDA:1,migrateLegacy
FNDA:0,(anonymous_1)
FNDA:1,loadAiAssistant
FNDA:1,saveAiAssistant
FNDA:1,parseKeywordEntries
FNDA:1,(anonymous_5)
FNDA:0,(anonymous_6)
FNDA:1,buildPromptInjectionPayload
FNDA:0,(anonymous_8)
DA:1,1
DA:2,1
DA:13,1
DA:14,1
DA:17,1
DA:18,1
DA:19,1
DA:20,0
DA:21,0
DA:22,0
DA:23,0
DA:28,0
DA:32,1
DA:33,1
DA:34,1
DA:35,0
DA:36,0
DA:37,0
DA:45,1
DA:46,1
DA:47,0
DA:52,0
DA:53,0
DA:58,1
DA:62,1
DA:72,1
DA:79,1
DA:81,1
DA:83,1
DA:84,0
DA:85,0
DA:86,0
DA:88,0
DA:105,1
DA:106,1
DA:107,1
DA:108,0
DA:111,1
DA:112,1
LF:39
LH:23
BRDA:19,0,0,1
BRDA:19,0,1,0
BRDA:21,1,0,0
BRDA:21,1,1,0
BRDA:21,2,0,0
BRDA:21,2,1,0
BRDA:34,3,0,0
BRDA:34,3,1,1
BRDA:36,4,0,0
BRDA:36,4,1,0
BRDA:36,5,0,0
BRDA:36,5,1,0
BRDA:38,6,0,0
BRDA:38,6,1,0
BRDA:40,7,0,0
BRDA:40,7,1,0
BRDA:41,8,0,0
BRDA:41,8,1,0
BRDA:46,9,0,0
BRDA:46,9,1,1
BRDA:48,10,0,0
BRDA:48,10,1,0
BRDA:49,11,0,0
BRDA:49,11,1,0
BRDA:50,12,0,0
BRDA:50,12,1,0
BRDA:85,13,0,0
BRDA:85,13,1,0
BRDA:108,14,0,0
BRDA:108,14,1,0
BRDA:108,15,0,0
BRDA:108,15,1,0
BRDA:111,16,0,0
BRDA:111,16,1,1
BRDA:111,17,0,1
BRDA:111,17,1,1
BRDA:114,18,0,1
BRDA:114,18,1,0
BRDA:115,19,0,1
BRDA:115,19,1,0
BRF:40
BRH:8
end_of_record
TN:
SF:src\lib\apiConfig.ts
FN:6,resolveApiBaseAndAuth
FNF:1
FNH:1
FNDA:2,resolveApiBaseAndAuth
DA:10,2
DA:13,2
DA:17,2
DA:19,2
DA:20,0
DA:21,0
DA:22,0
DA:23,0
DA:27,0
DA:31,2
DA:32,2
DA:33,0
DA:38,2
DA:39,2
LF:14
LH:8
BRDA:13,0,0,2
BRDA:13,0,1,2
BRDA:17,1,0,2
BRDA:17,1,1,0
BRDA:17,2,0,2
BRDA:17,2,1,2
BRDA:20,3,0,0
BRDA:20,3,1,0
BRDA:22,4,0,0
BRDA:22,4,1,0
BRDA:22,5,0,0
BRDA:22,5,1,0
BRDA:32,6,0,0
BRDA:32,6,1,2
BRDA:38,7,0,2
BRDA:38,7,1,2
BRDA:41,8,0,0
BRDA:41,8,1,2
BRF:18
BRH:9
end_of_record
TN:
SF:src\lib\apiError.ts
FN:17,formatApiError
FN:49,readApiErrorMessage
FNF:2
FNH:0
FNDA:0,formatApiError
FNDA:0,readApiErrorMessage
DA:18,0
DA:19,0
DA:20,0
DA:22,0
DA:23,0
DA:24,0
DA:25,0
DA:26,0
DA:28,0
DA:29,0
DA:31,0
DA:32,0
DA:34,0
DA:35,0
DA:37,0
DA:38,0
DA:43,0
DA:44,0
DA:46,0
DA:50,0
DA:51,0
LF:21
LH:0
BRDA:19,0,0,0
BRDA:19,0,1,0
BRDA:25,1,0,0
BRDA:25,1,1,0
BRDA:28,2,0,0
BRDA:28,2,1,0
BRDA:31,3,0,0
BRDA:31,3,1,0
BRDA:31,4,0,0
BRDA:31,4,1,0
BRDA:34,5,0,0
BRDA:34,5,1,0
BRDA:37,6,0,0
BRDA:37,6,1,0
BRDA:43,7,0,0
BRDA:43,7,1,0
BRF:16
BRH:0
end_of_record
TN:
SF:src\lib\asrWs.ts
FN:3,httpToWsRoot
FN:16,resolveBrowserWsRoot
FN:31,buildAsrWebSocketUrl
FN:59,coerceSegIndex
FN:69,normalizeLangCode
FN:80,canonicalSourceLangFromSegment
FN:89,langFromTranslationEvent
FN:229,parseAsrServerEvent
FNF:8
FNH:0
FNDA:0,httpToWsRoot
FNDA:0,resolveBrowserWsRoot
FNDA:0,buildAsrWebSocketUrl
FNDA:0,coerceSegIndex
FNDA:0,normalizeLangCode
FNDA:0,canonicalSourceLangFromSegment
FNDA:0,langFromTranslationEvent
FNDA:0,parseAsrServerEvent
DA:4,0
DA:5,0
DA:7,0
DA:8,0
DA:10,0
DA:17,0
DA:18,0
DA:19,0
DA:21,0
DA:22,0
DA:23,0
DA:25,0
DA:32,0
DA:33,0
DA:34,0
DA:35,0
DA:36,0
DA:38,0
DA:39,0
DA:41,0
DA:44,1
DA:46,1
DA:60,0
DA:61,0
DA:62,0
DA:63,0
DA:64,0
DA:66,0
DA:70,0
DA:71,0
DA:72,0
DA:73,0
DA:74,0
DA:75,0
DA:76,0
DA:85,0
DA:93,0
DA:230,0
DA:231,0
DA:233,0
LF:40
LH:2
BRDA:4,0,0,0
BRDA:4,0,1,0
BRDA:7,1,0,0
BRDA:7,1,1,0
BRDA:18,2,0,0
BRDA:18,2,1,0
BRDA:21,3,0,0
BRDA:21,3,1,0
BRDA:22,4,0,0
BRDA:22,4,1,0
BRDA:31,5,0,0
BRDA:35,6,0,0
BRDA:35,6,1,0
BRDA:38,7,0,0
BRDA:38,7,1,0
BRDA:61,8,0,0
BRDA:61,8,1,0
BRDA:61,9,0,0
BRDA:61,9,1,0
BRDA:62,10,0,0
BRDA:62,10,1,0
BRDA:64,11,0,0
BRDA:64,11,1,0
BRDA:70,12,0,0
BRDA:70,12,1,0
BRDA:70,13,0,0
BRDA:70,13,1,0
BRDA:72,14,0,0
BRDA:72,14,1,0
BRDA:72,15,0,0
BRDA:72,15,1,0
BRDA:72,15,2,0
BRDA:72,15,3,0
BRDA:73,16,0,0
BRDA:73,16,1,0
BRDA:73,17,0,0
BRDA:73,17,1,0
BRDA:74,18,0,0
BRDA:74,18,1,0
BRDA:74,19,0,0
BRDA:74,19,1,0
BRDA:74,19,2,0
BRDA:74,19,3,0
BRDA:74,19,4,0
BRDA:85,20,0,0
BRDA:85,20,1,0
BRDA:85,21,0,0
BRDA:85,21,1,0
BRDA:85,21,2,0
BRDA:93,22,0,0
BRDA:93,22,1,0
BRF:51
BRH:0
end_of_record
TN:
SF:src\lib\authSession.ts
FN:11,saveSession
FN:17,clearSession
FN:23,getSession
FNF:3
FNH:1
FNDA:0,saveSession
FNDA:0,clearSession
FNDA:2,getSession
DA:1,1
DA:2,1
DA:3,1
DA:12,0
DA:13,0
DA:14,0
DA:18,0
DA:19,0
DA:20,0
DA:24,2
DA:25,2
DA:26,2
DA:27,2
DA:28,0
DA:29,0
LF:15
LH:7
BRDA:27,0,0,2
BRDA:27,0,1,0
BRDA:27,1,0,2
BRDA:27,1,1,0
BRDA:27,1,2,0
BRDA:28,2,0,0
BRDA:28,2,1,0
BRDA:28,3,0,0
BRDA:28,3,1,0
BRF:9
BRH:2
end_of_record
TN:
SF:src\lib\meetingArtifactsStore.ts
FN:30,openDb
FN:31,(anonymous_1)
FN:33,(anonymous_2)
FN:34,(anonymous_3)
FN:35,(anonymous_4)
FN:44,idbReqToPromise
FN:45,(anonymous_6)
FN:46,(anonymous_7)
FN:47,(anonymous_8)
FN:51,listMeetingArtifacts
FN:57,(anonymous_10)
FN:60,getMeetingArtifact
FN:69,putArtifact
FN:77,deleteArtifact
FN:85,formatBytes
FN:91,validatePdfFile
FN:101,validateImageFile
FN:111,countByKind
FN:113,(anonymous_18)
FN:119,addMeetingPdf
FN:168,addMeetingImage
FN:190,removeMeetingArtifact
FN:197,buildMeetingMaterialsPromptBlock
FN:228,getMeetingMaterialsPromptText
FNF:24
FNH:0
FNDA:0,openDb
FNDA:0,(anonymous_1)
FNDA:0,(anonymous_2)
FNDA:0,(anonymous_3)
FNDA:0,(anonymous_4)
FNDA:0,idbReqToPromise
FNDA:0,(anonymous_6)
FNDA:0,(anonymous_7)
FNDA:0,(anonymous_8)
FNDA:0,listMeetingArtifacts
FNDA:0,(anonymous_10)
FNDA:0,getMeetingArtifact
FNDA:0,putArtifact
FNDA:0,deleteArtifact
FNDA:0,formatBytes
FNDA:0,validatePdfFile
FNDA:0,validateImageFile
FNDA:0,countByKind
FNDA:0,(anonymous_18)
FNDA:0,addMeetingPdf
FNDA:0,addMeetingImage
FNDA:0,removeMeetingArtifact
FNDA:0,buildMeetingMaterialsPromptBlock
FNDA:0,getMeetingMaterialsPromptText
DA:1,1
DA:2,1
DA:3,1
DA:23,1
DA:24,1
DA:25,1
DA:26,1
DA:28,1
DA:31,0
DA:32,0
DA:33,0
DA:34,0
DA:35,0
DA:36,0
DA:37,0
DA:38,0
DA:45,0
DA:46,0
DA:47,0
DA:52,0
DA:53,0
DA:54,0
DA:55,0
DA:56,0
DA:57,0
DA:61,0
DA:62,0
DA:63,0
DA:64,0
DA:65,0
DA:66,0
DA:70,0
DA:71,0
DA:72,0
DA:73,0
DA:74,0
DA:78,0
DA:79,0
DA:80,0
DA:81,0
DA:82,0
DA:86,0
DA:87,0
DA:88,0
DA:92,0
DA:93,0
DA:95,0
DA:96,0
DA:98,0
DA:102,0
DA:103,0
DA:105,0
DA:106,0
DA:108,0
DA:112,0
DA:113,0
DA:123,0
DA:124,0
DA:125,0
DA:126,0
DA:129,0
DA:130,0
DA:131,0
DA:141,0
DA:142,0
DA:144,0
DA:145,0
DA:146,0
DA:148,0
DA:149,0
DA:150,0
DA:151,0
DA:158,0
DA:164,0
DA:165,0
DA:169,0
DA:170,0
DA:171,0
DA:172,0
DA:175,0
DA:176,0
DA:177,0
DA:186,0
DA:187,0
DA:191,0
DA:198,0
DA:199,0
DA:201,0
DA:202,0
DA:203,0
DA:204,0
DA:205,0
DA:206,0
DA:207,0
DA:208,0
DA:209,0
DA:212,0
DA:218,0
DA:219,0
DA:220,0
DA:224,0
DA:229,0
DA:230,0
LF:103
LH:8
BRDA:33,0,0,0
BRDA:33,0,1,0
BRDA:37,1,0,0
BRDA:37,1,1,0
BRDA:47,2,0,0
BRDA:47,2,1,0
BRDA:86,3,0,0
BRDA:86,3,1,0
BRDA:87,4,0,0
BRDA:87,4,1,0
BRDA:92,5,0,0
BRDA:92,5,1,0
BRDA:95,6,0,0
BRDA:95,6,1,0
BRDA:95,7,0,0
BRDA:95,7,1,0
BRDA:102,8,0,0
BRDA:102,8,1,0
BRDA:105,9,0,0
BRDA:105,9,1,0
BRDA:124,10,0,0
BRDA:124,10,1,0
BRDA:125,11,0,0
BRDA:125,11,1,0
BRDA:130,12,0,0
BRDA:130,12,1,0
BRDA:154,13,0,0
BRDA:154,13,1,0
BRDA:155,14,0,0
BRDA:155,14,1,0
BRDA:161,15,0,0
BRDA:161,15,1,0
BRDA:170,16,0,0
BRDA:170,16,1,0
BRDA:171,17,0,0
BRDA:171,17,1,0
BRDA:202,18,0,0
BRDA:202,18,1,0
BRDA:204,19,0,0
BRDA:204,19,1,0
BRDA:204,20,0,0
BRDA:204,20,1,0
BRDA:206,21,0,0
BRDA:206,21,1,0
BRDA:206,22,0,0
BRDA:206,22,1,0
BRDA:207,23,0,0
BRDA:207,23,1,0
BRDA:208,24,0,0
BRDA:208,24,1,0
BRDA:208,25,0,0
BRDA:208,25,1,0
BRDA:218,26,0,0
BRDA:218,26,1,0
BRDA:219,27,0,0
BRDA:219,27,1,0
BRF:56
BRH:0
end_of_record
TN:
SF:src\lib\translateApi.ts
FN:9,arrayBufferToBase64
FN:19,collectImagesForApi
FN:21,(anonymous_2)
FN:43,translateWithFullContext
FNF:4
FNH:0
FNDA:0,arrayBufferToBase64
FNDA:0,collectImagesForApi
FNDA:0,(anonymous_2)
FNDA:0,translateWithFullContext
DA:6,1
DA:7,1
DA:10,0
DA:11,0
DA:12,0
DA:13,0
DA:14,0
DA:16,0
DA:20,0
DA:21,0
DA:22,0
DA:23,0
DA:24,0
DA:25,0
DA:26,0
DA:27,0
DA:29,0
DA:48,0
DA:49,0
DA:50,0
DA:52,0
DA:53,0
DA:71,0
DA:72,0
DA:73,0
DA:75,0
DA:76,0
LF:27
LH:2
BRDA:24,0,0,0
BRDA:24,0,1,0
BRDA:25,1,0,0
BRDA:25,1,1,0
BRDA:27,2,0,0
BRDA:27,2,1,0
BRDA:49,3,0,0
BRDA:49,3,1,0
BRDA:72,4,0,0
BRDA:72,4,1,0
BRF:10
BRH:0
end_of_record
TN:
SF:src\views\ListenerView.tsx
FN:28,parseAudioFrame
FN:47,ListenerView
FN:66,(anonymous_2)
FN:89,(anonymous_3)
FN:103,(anonymous_4)
FN:144,(anonymous_5)
FN:146,(anonymous_6)
FN:150,(anonymous_7)
FN:188,(anonymous_8)
FN:198,(anonymous_9)
FN:200,(anonymous_10)
FN:206,(anonymous_11)
FN:254,(anonymous_12)
FN:255,(anonymous_13)
FN:260,(anonymous_14)
FN:261,(anonymous_15)
FN:281,(anonymous_16)
FN:282,(anonymous_17)
FN:285,(anonymous_18)
FN:299,(anonymous_19)
FN:308,(anonymous_20)
FN:332,(anonymous_21)
FN:337,(anonymous_22)
FN:355,(anonymous_23)
FN:364,(anonymous_24)
FN:370,(anonymous_25)
FN:371,(anonymous_26)
FN:378,(anonymous_27)
FN:388,(anonymous_28)
FN:388,(anonymous_29)
FN:390,(anonymous_30)
FN:394,(anonymous_31)
FN:395,(anonymous_32)
FN:397,(anonymous_33)
FN:398,(anonymous_34)
FN:401,(anonymous_35)
FN:402,(anonymous_36)
FN:422,(anonymous_37)
FN:671,(anonymous_38)
FN:699,(anonymous_39)
FN:705,(anonymous_40)
FN:717,(anonymous_41)
FN:727,(anonymous_42)
FN:729,(anonymous_43)
FN:748,(anonymous_44)
FNF:45
FNH:0
FNDA:0,parseAudioFrame
FNDA:0,ListenerView
FNDA:0,(anonymous_2)
FNDA:0,(anonymous_3)
FNDA:0,(anonymous_4)
FNDA:0,(anonymous_5)
FNDA:0,(anonymous_6)
FNDA:0,(anonymous_7)
FNDA:0,(anonymous_8)
FNDA:0,(anonymous_9)
FNDA:0,(anonymous_10)
FNDA:0,(anonymous_11)
FNDA:0,(anonymous_12)
FNDA:0,(anonymous_13)
FNDA:0,(anonymous_14)
FNDA:0,(anonymous_15)
FNDA:0,(anonymous_16)
FNDA:0,(anonymous_17)
FNDA:0,(anonymous_18)
FNDA:0,(anonymous_19)
FNDA:0,(anonymous_20)
FNDA:0,(anonymous_21)
FNDA:0,(anonymous_22)
FNDA:0,(anonymous_23)
FNDA:0,(anonymous_24)
FNDA:0,(anonymous_25)
FNDA:0,(anonymous_26)
FNDA:0,(anonymous_27)
FNDA:0,(anonymous_28)
FNDA:0,(anonymous_29)
FNDA:0,(anonymous_30)
FNDA:0,(anonymous_31)
FNDA:0,(anonymous_32)
FNDA:0,(anonymous_33)
FNDA:0,(anonymous_34)
FNDA:0,(anonymous_35)
FNDA:0,(anonymous_36)
FNDA:0,(anonymous_37)
FNDA:0,(anonymous_38)
FNDA:0,(anonymous_39)
FNDA:0,(anonymous_40)
FNDA:0,(anonymous_41)
FNDA:0,(anonymous_42)
FNDA:0,(anonymous_43)
FNDA:0,(anonymous_44)
DA:35,0
DA:36,0
DA:37,0
DA:38,0
DA:39,0
DA:40,0
DA:41,0
DA:42,0
DA:43,0
DA:44,0
DA:49,0
DA:50,0
DA:51,0
DA:52,0
DA:53,0
DA:54,0
DA:55,0
DA:56,0
DA:57,0
DA:58,0
DA:61,0
DA:62,0
DA:63,0
DA:64,0
DA:65,0
DA:66,0
DA:67,0
DA:70,0
DA:72,0
DA:75,0
DA:77,0
DA:80,0
DA:81,0
DA:82,0
DA:83,0
DA:84,0
DA:85,0
DA:86,0
DA:89,0
DA:90,0
DA:91,0
DA:93,0
DA:94,0
DA:95,0
DA:96,0
DA:97,0
DA:98,0
DA:99,0
DA:103,0
DA:104,0
DA:105,0
DA:107,0
DA:109,0
DA:110,0
DA:112,0
DA:117,0
DA:121,0
DA:125,0
DA:128,0
DA:129,0
DA:130,0
DA:131,0
DA:132,0
DA:135,0
DA:136,0
DA:137,0
DA:138,0
DA:139,0
DA:144,0
DA:145,0
DA:146,0
DA:150,0
DA:151,0
DA:152,0
DA:154,0
DA:156,0
DA:157,0
DA:159,0
DA:160,0
DA:161,0
DA:162,0
DA:164,0
DA:165,0
DA:168,0
DA:171,0
DA:173,0
DA:175,0
DA:177,0
DA:178,0
DA:179,0
DA:180,0
DA:181,0
DA:184,0
DA:185,0
DA:186,0
DA:187,0
DA:188,0
DA:191,0
DA:193,0
DA:194,0
DA:195,0
DA:196,0
DA:197,0
DA:198,0
DA:199,0
DA:200,0
DA:206,0
DA:207,0
DA:208,0
DA:209,0
DA:210,0
DA:211,0
DA:213,0
DA:214,0
DA:215,0
DA:216,0
DA:217,0
DA:219,0
DA:220,0
DA:221,0
DA:222,0
DA:224,0
DA:225,0
DA:226,0
DA:227,0
DA:229,0
DA:230,0
DA:231,0
DA:235,0
DA:236,0
DA:237,0
DA:238,0
DA:240,0
DA:242,0
DA:246,0
DA:247,0
DA:248,0
DA:249,0
DA:250,0
DA:251,0
DA:252,0
DA:254,0
DA:255,0
DA:256,0
DA:258,0
DA:259,0
DA:260,0
DA:261,0
DA:262,0
DA:264,0
DA:266,0
DA:267,0
DA:268,0
DA:272,0
DA:273,0
DA:274,0
DA:275,0
DA:276,0
DA:277,0
DA:278,0
DA:279,0
DA:281,0
DA:282,0
DA:283,0
DA:284,0
DA:285,0
DA:286,0
DA:287,0
DA:288,0
DA:289,0
DA:290,0
DA:292,0
DA:296,0
DA:299,0
DA:300,0
DA:301,0
DA:302,0
DA:303,0
DA:304,0
DA:308,0
DA:309,0
DA:310,0
DA:311,0
DA:312,0
DA:313,0
DA:315,0
DA:316,0
DA:317,0
DA:320,0
DA:321,0
DA:322,0
DA:325,0
DA:327,0
DA:328,0
DA:329,0
DA:330,0
DA:332,0
DA:333,0
DA:334,0
DA:337,0
DA:338,0
DA:339,0
DA:340,0
DA:341,0
DA:342,0
DA:343,0
DA:344,0
DA:345,0
DA:348,0
DA:352,0
DA:353,0
DA:355,0
DA:356,0
DA:357,0
DA:358,0
DA:361,0
DA:363,0
DA:365,0
DA:370,0
DA:371,0
DA:372,0
DA:373,0
DA:378,0
DA:379,0
DA:380,0
DA:382,0
DA:383,0
DA:384,0
DA:388,0
DA:389,0
DA:390,0
DA:394,0
DA:395,0
DA:396,0
DA:397,0
DA:398,0
DA:401,0
DA:402,0
DA:405,0
DA:406,0
DA:407,0
DA:408,0
DA:409,0
DA:410,0
DA:413,0
DA:422,0
DA:440,0
DA:442,0
DA:672,0
DA:673,0
DA:674,0
DA:675,0
DA:699,0
DA:706,0
DA:707,0
DA:708,0
DA:709,0
DA:710,0
DA:717,0
DA:727,0
DA:729,0
DA:748,0
LF:262
LH:0
BRDA:35,0,0,0
BRDA:35,0,1,0
BRDA:41,1,0,0
BRDA:41,1,1,0
BRDA:90,2,0,0
BRDA:90,2,1,0
BRDA:91,3,0,0
BRDA:91,3,1,0
BRDA:96,4,0,0
BRDA:96,4,1,0
BRDA:105,5,0,0
BRDA:105,5,1,0
BRDA:109,6,0,0
BRDA:109,6,1,0
BRDA:128,7,0,0
BRDA:128,7,1,0
BRDA:128,8,0,0
BRDA:128,8,1,0
BRDA:135,9,0,0
BRDA:135,9,1,0
BRDA:135,10,0,0
BRDA:135,10,1,0
BRDA:152,11,0,0
BRDA:152,11,1,0
BRDA:152,12,0,0
BRDA:152,12,1,0
BRDA:154,13,0,0
BRDA:154,13,1,0
BRDA:154,14,0,0
BRDA:154,14,1,0
BRDA:180,15,0,0
BRDA:180,15,1,0
BRDA:185,16,0,0
BRDA:185,16,1,0
BRDA:191,17,0,0
BRDA:191,17,1,0
BRDA:194,18,0,0
BRDA:194,18,1,0
BRDA:200,19,0,0
BRDA:200,19,1,0
BRDA:207,20,0,0
BRDA:207,20,1,0
BRDA:213,21,0,0
BRDA:213,21,1,0
BRDA:215,22,0,0
BRDA:215,22,1,0
BRDA:216,23,0,0
BRDA:216,23,1,0
BRDA:219,24,0,0
BRDA:219,24,1,0
BRDA:224,25,0,0
BRDA:224,25,1,0
BRDA:225,26,0,0
BRDA:225,26,1,0
BRDA:226,27,0,0
BRDA:226,27,1,0
BRDA:229,28,0,0
BRDA:229,28,1,0
BRDA:230,29,0,0
BRDA:230,29,1,0
BRDA:235,30,0,0
BRDA:235,30,1,0
BRDA:236,31,0,0
BRDA:236,31,1,0
BRDA:237,32,0,0
BRDA:237,32,1,0
BRDA:246,33,0,0
BRDA:246,33,1,0
BRDA:246,34,0,0
BRDA:246,34,1,0
BRDA:248,35,0,0
BRDA:248,35,1,0
BRDA:249,36,0,0
BRDA:249,36,1,0
BRDA:250,37,0,0
BRDA:250,37,1,0
BRDA:251,38,0,0
BRDA:251,38,1,0
BRDA:252,39,0,0
BRDA:252,39,1,0
BRDA:258,40,0,0
BRDA:258,40,1,0
BRDA:260,41,0,0
BRDA:260,41,1,0
BRDA:272,42,0,0
BRDA:272,42,1,0
BRDA:272,43,0,0
BRDA:272,43,1,0
BRDA:274,44,0,0
BRDA:274,44,1,0
BRDA:275,45,0,0
BRDA:275,45,1,0
BRDA:276,46,0,0
BRDA:276,46,1,0
BRDA:277,47,0,0
BRDA:277,47,1,0
BRDA:278,48,0,0
BRDA:278,48,1,0
BRDA:279,49,0,0
BRDA:279,49,1,0
BRDA:279,50,0,0
BRDA:279,50,1,0
BRDA:283,51,0,0
BRDA:283,51,1,0
BRDA:285,52,0,0
BRDA:285,52,1,0
BRDA:287,53,0,0
BRDA:287,53,1,0
BRDA:300,54,0,0
BRDA:300,54,1,0
BRDA:302,55,0,0
BRDA:302,55,1,0
BRDA:304,56,0,0
BRDA:304,56,1,0
BRDA:339,57,0,0
BRDA:339,57,1,0
BRDA:342,58,0,0
BRDA:342,58,1,0
BRDA:344,59,0,0
BRDA:344,59,1,0
BRDA:357,60,0,0
BRDA:357,60,1,0
BRDA:396,61,0,0
BRDA:396,61,1,0
BRDA:409,62,0,0
BRDA:409,62,1,0
BRDA:418,63,0,0
BRDA:418,63,1,0
BRDA:422,64,0,0
BRDA:422,64,1,0
BRDA:422,65,0,0
BRDA:422,65,1,0
BRDA:422,66,0,0
BRDA:422,66,1,0
BRDA:428,67,0,0
BRDA:428,67,1,0
BRDA:430,68,0,0
BRDA:430,68,1,0
BRDA:660,69,0,0
BRDA:660,69,1,0
BRDA:661,70,0,0
BRDA:661,70,1,0
BRDA:662,71,0,0
BRDA:662,71,1,0
BRDA:662,71,2,0
BRDA:664,72,0,0
BRDA:664,72,1,0
BRDA:666,73,0,0
BRDA:666,73,1,0
BRDA:670,74,0,0
BRDA:670,74,1,0
BRDA:675,75,0,0
BRDA:675,75,1,0
BRDA:675,76,0,0
BRDA:675,76,1,0
BRDA:677,77,0,0
BRDA:677,77,1,0
BRDA:684,78,0,0
BRDA:684,78,1,0
BRDA:684,78,2,0
BRDA:702,79,0,0
BRDA:702,79,1,0
BRDA:717,80,0,0
BRDA:717,80,1,0
BRDA:734,81,0,0
BRDA:734,81,1,0
BRDA:735,82,0,0
BRDA:735,82,1,0
BRDA:735,82,2,0
BRDA:739,83,0,0
BRDA:739,83,1,0
BRDA:739,84,0,0
BRDA:739,84,1,0
BRF:173
BRH:0
end_of_record
TN:
SF:src\views\LoginView.tsx
FN:8,LoginView
FN:14,(anonymous_1)
FN:54,(anonymous_2)
FN:61,(anonymous_3)
FN:71,(anonymous_4)
FNF:5
FNH:5
FNDA:149,LoginView
FNDA:10,(anonymous_1)
FNDA:10,(anonymous_2)
FNDA:59,(anonymous_3)
FNDA:57,(anonymous_4)
DA:9,149
DA:10,149
DA:11,149
DA:12,149
DA:14,149
DA:15,10
DA:16,10
DA:17,10
DA:18,10
DA:19,10
DA:24,6
DA:25,0
DA:28,6
DA:29,6
DA:32,10
DA:35,10
DA:37,3
DA:38,0
DA:39,3
DA:40,3
DA:42,0
DA:45,9
DA:49,149
DA:54,10
DA:61,59
DA:71,57
LF:26
LH:23
BRDA:24,0,0,0
BRDA:24,0,1,6
BRDA:25,1,0,0
BRDA:25,1,1,0
BRDA:29,2,0,5
BRDA:29,2,1,1
BRDA:29,3,0,6
BRDA:29,3,1,2
BRDA:37,4,0,0
BRDA:37,4,1,3
BRDA:39,5,0,3
BRDA:39,5,1,0
BRDA:74,6,0,9
BRDA:74,6,1,140
BRDA:80,7,0,10
BRDA:80,7,1,139
BRF:16
BRH:11
end_of_record
TN:
SF:src\views\UserMainView.tsx
FN:16,IconLightbulb
FN:27,IconClose
FN:35,IconBrain
FN:55,UserMainView
FN:59,(anonymous_4)
FN:62,(anonymous_5)
FN:65,(anonymous_6)
FN:85,(anonymous_7)
FN:91,(anonymous_8)
FN:93,(anonymous_9)
FN:106,(anonymous_10)
FN:109,(anonymous_11)
FN:109,(anonymous_12)
FN:110,(anonymous_13)
FN:123,(anonymous_14)
FN:154,(anonymous_15)
FN:161,(anonymous_16)
FN:168,(anonymous_17)
FN:180,(anonymous_18)
FN:205,(anonymous_19)
FN:226,(anonymous_20)
FNF:21
FNH:10
FNDA:1,IconLightbulb
FNDA:0,IconClose
FNDA:0,IconBrain
FNDA:2,UserMainView
FNDA:1,(anonymous_4)
FNDA:1,(anonymous_5)
FNDA:1,(anonymous_6)
FNDA:1,(anonymous_7)
FNDA:1,(anonymous_8)
FNDA:1,(anonymous_9)
FNDA:1,(anonymous_10)
FNDA:0,(anonymous_11)
FNDA:0,(anonymous_12)
FNDA:1,(anonymous_13)
FNDA:0,(anonymous_14)
FNDA:0,(anonymous_15)
FNDA:0,(anonymous_16)
FNDA:0,(anonymous_17)
FNDA:0,(anonymous_18)
FNDA:0,(anonymous_19)
FNDA:0,(anonymous_20)
DA:17,1
DA:28,0
DA:36,0
DA:56,2
DA:57,2
DA:58,2
DA:59,2
DA:60,2
DA:62,2
DA:65,2
DA:66,1
DA:67,1
DA:68,1
DA:76,0
DA:77,0
DA:78,0
DA:81,1
DA:85,2
DA:86,1
DA:87,1
DA:91,2
DA:92,1
DA:93,1
DA:94,1
DA:95,1
DA:96,1
DA:97,0
DA:98,0
DA:99,0
DA:100,0
DA:103,1
DA:106,1
DA:109,2
DA:110,2
DA:112,2
DA:123,0
DA:154,0
DA:161,0
DA:168,0
DA:180,0
DA:205,0
DA:226,0
LF:42
LH:26
BRDA:76,0,0,0
BRDA:76,0,1,0
BRDA:78,1,0,0
BRDA:78,1,1,0
BRDA:86,2,0,1
BRDA:86,2,1,0
BRDA:98,3,0,0
BRDA:98,3,1,0
BRDA:99,4,0,0
BRDA:99,4,1,0
BRDA:103,5,0,1
BRDA:103,5,1,0
BRDA:103,6,0,1
BRDA:103,6,1,0
BRDA:120,7,0,2
BRDA:120,7,1,0
BRDA:121,8,0,0
BRDA:121,8,1,0
BRDA:132,9,0,0
BRDA:132,9,1,1
BRDA:150,10,0,2
BRDA:150,10,1,0
BRDA:154,11,0,0
BRDA:154,11,1,0
BRDA:157,12,0,0
BRDA:157,12,1,0
BRDA:177,13,0,0
BRDA:177,13,1,0
BRDA:184,14,0,0
BRDA:184,14,1,0
BRF:30
BRH:6
end_of_record
